[2021-05-19 15:27:34] production.INFO: ErrorException: fopen(/home/haidang/public_html/public/data/product/LogoHaiDang - 100x100.png): failed to open stream: Permission denied in /home/haidang/public_html/vendor/league/flysystem/src/Adapter/Local.php:157
Stack trace:
#0 [internal function]: Illuminate\Foundation\Bootstrap\HandleExceptions->handleError()
#1 /home/haidang/public_html/vendor/league/flysystem/src/Adapter/Local.php(157): fopen()
#2 /home/haidang/public_html/vendor/league/flysystem/src/Filesystem.php(122): League\Flysystem\Adapter\Local->writeStream()
#3 /home/haidang/public_html/vendor/laravel/framework/src/Illuminate/Filesystem/FilesystemAdapter.php(243): League\Flysystem\Filesystem->putStream()
#4 /home/haidang/public_html/vendor/laravel/framework/src/Illuminate/Filesystem/FilesystemAdapter.php(279): Illuminate\Filesystem\FilesystemAdapter->put()
#5 /home/haidang/public_html/vendor/unisharp/laravel-filemanager/src/LfmStorageRepository.php(48): Illuminate\Filesystem\FilesystemAdapter->putFileAs()
#6 /home/haidang/public_html/vendor/unisharp/laravel-filemanager/src/LfmPath.php(318): UniSharp\LaravelFilemanager\LfmStorageRepository->save()
#7 /home/haidang/public_html/vendor/unisharp/laravel-filemanager/src/LfmPath.php(224): UniSharp\LaravelFilemanager\LfmPath->saveFile()
#8 /home/haidang/public_html/vendor/unisharp/laravel-filemanager/src/Controllers/UploadController.php(34): UniSharp\LaravelFilemanager\LfmPath->upload()
#9 /home/haidang/public_html/vendor/laravel/framework/src/Illuminate/Routing/Controller.php(54): UniSharp\LaravelFilemanager\Controllers\UploadController->upload()
#10 /home/haidang/public_html/vendor/laravel/framework/src/Illuminate/Routing/ControllerDispatcher.php(45): Illuminate\Routing\Controller->callAction()
#11 /home/haidang/public_html/vendor/laravel/framework/src/Illuminate/Routing/Route.php(254): Illuminate\Routing\ControllerDispatcher->dispatch()
#12 /home/haidang/public_html/vendor/laravel/framework/src/Illuminate/Routing/Route.php(197): Illuminate\Routing\Route->runController()
#13 /home/haidang/public_html/vendor/laravel/framework/src/Illuminate/Routing/Router.php(695): Illuminate\Routing\Route->run()
#14 /home/haidang/public_html/vendor/laravel/framework/src/Illuminate/Pipeline/Pipeline.php(128): Illuminate\Routing\Router->Illuminate\Routing\{closure}()
#15 /home/haidang/public_html/vendor/s-cart/core/src/Front/Middleware/Localization.php(31): Illuminate\Pipeline\Pipeline->Illuminate\Pipeline\{closure}()
#16 /home/haidang/public_html/vendor/laravel/framework/src/Illuminate/Pipeline/Pipeline.php(167): SCart\Core\Front\Middleware\Localization->handle()
#17 /home/haidang/public_html/vendor/s-cart/core/src/Admin/Middleware/AdminTheme.php(27): Illuminate\Pipeline\Pipeline->Illuminate\Pipeline\{closure}()
#18 /home/haidang/public_html/vendor/laravel/framework/src/Illuminate/Pipeline/Pipeline.php(167): SCart\Core\Admin\Middleware\AdminTheme->handle()
#19 /home/haidang/public_html/vendor/s-cart/core/src/Admin/Middleware/AdminStoreId.php(40): Illuminate\Pipeline\Pipeline->Illuminate\Pipeline\{closure}()
#20 /home/haidang/public_html/vendor/laravel/framework/src/Illuminate/Pipeline/Pipeline.php(167): SCart\Core\Admin\Middleware\AdminStoreId->handle()
#21 /home/haidang/public_html/vendor/s-cart/core/src/Admin/Middleware/LogOperation.php(38): Illuminate\Pipeline\Pipeline->Illuminate\Pipeline\{closure}()
#22 /home/haidang/public_html/vendor/laravel/framework/src/Illuminate/Pipeline/Pipeline.php(167): SCart\Core\Admin\Middleware\LogOperation->handle()
#23 /home/haidang/public_html/vendor/s-cart/core/src/Admin/Middleware/PermissionMiddleware.php(30): Illuminate\Pipeline\Pipeline->Illuminate\Pipeline\{closure}()
#24 /home/haidang/public_html/vendor/laravel/framework/src/Illuminate/Pipeline/Pipeline.php(167): SCart\Core\Admin\Middleware\PermissionMiddleware->handle()
#25 /home/haidang/public_html/vendor/s-cart/core/src/Admin/Middleware/Authenticate.php(25): Illuminate\Pipeline\Pipeline->Illuminate\Pipeline\{closure}()
#26 /home/haidang/public_html/vendor/laravel/framework/src/Illuminate/Pipeline/Pipeline.php(167): SCart\Core\Admin\Middleware\Authenticate->handle()
#27 /home/haidang/public_html/vendor/laravel/framework/src/Illuminate/Routing/Middleware/SubstituteBindings.php(50): Illuminate\Pipeline\Pipeline->Illuminate\Pipeline\{closure}()
#28 /home/haidang/public_html/vendor/laravel/framework/src/Illuminate/Pipeline/Pipeline.php(167): Illuminate\Routing\Middleware\SubstituteBindings->handle()
#29 /home/haidang/public_html/vendor/laravel/framework/src/Illuminate/Foundation/Http/Middleware/VerifyCsrfToken.php(78): Illuminate\Pipeline\Pipeline->Illuminate\Pipeline\{closure}()
#30 /home/haidang/public_html/vendor/laravel/framework/src/Illuminate/Pipeline/Pipeline.php(167): Illuminate\Foundation\Http\Middleware\VerifyCsrfToken->handle()
#31 /home/haidang/public_html/vendor/laravel/framework/src/Illuminate/View/Middleware/ShareErrorsFromSession.php(49): Illuminate\Pipeline\Pipeline->Illuminate\Pipeline\{closure}()
#32 /home/haidang/public_html/vendor/laravel/framework/src/Illuminate/Pipeline/Pipeline.php(167): Illuminate\View\Middleware\ShareErrorsFromSession->handle()
#33 /home/haidang/public_html/vendor/laravel/framework/src/Illuminate/Session/Middleware/StartSession.php(121): Illuminate\Pipeline\Pipeline->Illuminate\Pipeline\{closure}()
#34 /home/haidang/public_html/vendor/laravel/framework/src/Illuminate/Session/Middleware/StartSession.php(64): Illuminate\Session\Middleware\StartSession->handleStatefulRequest()
#35 /home/haidang/public_html/vendor/laravel/framework/src/Illuminate/Pipeline/Pipeline.php(167): Illuminate\Session\Middleware\StartSession->handle()
#36 /home/haidang/public_html/vendor/laravel/framework/src/Illuminate/Cookie/Middleware/AddQueuedCookiesToResponse.php(37): Illuminate\Pipeline\Pipeline->Illuminate\Pipeline\{closure}()
#37 /home/haidang/public_html/vendor/laravel/framework/src/Illuminate/Pipeline/Pipeline.php(167): Illuminate\Cookie\Middleware\AddQueuedCookiesToResponse->handle()
#38 /home/haidang/public_html/vendor/laravel/framework/src/Illuminate/Cookie/Middleware/EncryptCookies.php(67): Illuminate\Pipeline\Pipeline->Illuminate\Pipeline\{closure}()
#39 /home/haidang/public_html/vendor/laravel/framework/src/Illuminate/Pipeline/Pipeline.php(167): Illuminate\Cookie\Middleware\EncryptCookies->handle()
#40 /home/haidang/public_html/vendor/laravel/framework/src/Illuminate/Pipeline/Pipeline.php(103): Illuminate\Pipeline\Pipeline->Illuminate\Pipeline\{closure}()
#41 /home/haidang/public_html/vendor/laravel/framework/src/Illuminate/Routing/Router.php(697): Illuminate\Pipeline\Pipeline->then()
#42 /home/haidang/public_html/vendor/laravel/framework/src/Illuminate/Routing/Router.php(672): Illuminate\Routing\Router->runRouteWithinStack()
#43 /home/haidang/public_html/vendor/laravel/framework/src/Illuminate/Routing/Router.php(636): Illuminate\Routing\Router->runRoute()
#44 /home/haidang/public_html/vendor/laravel/framework/src/Illuminate/Routing/Router.php(625): Illuminate\Routing\Router->dispatchToRoute()
#45 /home/haidang/public_html/vendor/laravel/framework/src/Illuminate/Foundation/Http/Kernel.php(166): Illuminate\Routing\Router->dispatch()
#46 /home/haidang/public_html/vendor/laravel/framework/src/Illuminate/Pipeline/Pipeline.php(128): Illuminate\Foundation\Http\Kernel->Illuminate\Foundation\Http\{closure}()
#47 /home/haidang/public_html/vendor/spatie/laravel-pjax/src/Middleware/FilterIfPjax.php(18): Illuminate\Pipeline\Pipeline->Illuminate\Pipeline\{closure}()
#48 /home/haidang/public_html/vendor/laravel/framework/src/Illuminate/Pipeline/Pipeline.php(167): Spatie\Pjax\Middleware\FilterIfPjax->handle()
#49 /home/haidang/public_html/vendor/fideloper/proxy/src/TrustProxies.php(57): Illuminate\Pipeline\Pipeline->Illuminate\Pipeline\{closure}()
#50 /home/haidang/public_html/vendor/laravel/framework/src/Illuminate/Pipeline/Pipeline.php(167): Fideloper\Proxy\TrustProxies->handle()
#51 /home/haidang/public_html/vendor/laravel/framework/src/Illuminate/Foundation/Http/Middleware/TransformsRequest.php(21): Illuminate\Pipeline\Pipeline->Illuminate\Pipeline\{closure}()
#52 /home/haidang/public_html/vendor/laravel/framework/src/Illuminate/Foundation/Http/Middleware/ConvertEmptyStringsToNull.php(31): Illuminate\Foundation\Http\Middleware\TransformsRequest->handle()
#53 /home/haidang/public_html/vendor/laravel/framework/src/Illuminate/Pipeline/Pipeline.php(167): Illuminate\Foundation\Http\Middleware\ConvertEmptyStringsToNull->handle()
#54 /home/haidang/public_html/vendor/laravel/framework/src/Illuminate/Foundation/Http/Middleware/TransformsRequest.php(21): Illuminate\Pipeline\Pipeline->Illuminate\Pipeline\{closure}()
#55 /home/haidang/public_html/vendor/laravel/framework/src/Illuminate/Foundation/Http/Middleware/TrimStrings.php(40): Illuminate\Foundation\Http\Middleware\TransformsRequest->handle()
#56 /home/haidang/public_html/vendor/laravel/framework/src/Illuminate/Pipeline/Pipeline.php(167): Illuminate\Foundation\Http\Middleware\TrimStrings->handle()
#57 /home/haidang/public_html/vendor/laravel/framework/src/Illuminate/Foundation/Http/Middleware/ValidatePostSize.php(27): Illuminate\Pipeline\Pipeline->Illuminate\Pipeline\{closure}()
#58 /home/haidang/public_html/vendor/laravel/framework/src/Illuminate/Pipeline/Pipeline.php(167): Illuminate\Foundation\Http\Middleware\ValidatePostSize->handle()
#59 /home/haidang/public_html/vendor/laravel/framework/src/Illuminate/Foundation/Http/Middleware/PreventRequestsDuringMaintenance.php(86): Illuminate\Pipeline\Pipeline->Illuminate\Pipeline\{closure}()
#60 /home/haidang/public_html/vendor/laravel/framework/src/Illuminate/Pipeline/Pipeline.php(167): Illuminate\Foundation\Http\Middleware\PreventRequestsDuringMaintenance->handle()
#61 /home/haidang/public_html/vendor/laravel/framework/src/Illuminate/Pipeline/Pipeline.php(103): Illuminate\Pipeline\Pipeline->Illuminate\Pipeline\{closure}()
#62 /home/haidang/public_html/vendor/laravel/framework/src/Illuminate/Foundation/Http/Kernel.php(141): Illuminate\Pipeline\Pipeline->then()
#63 /home/haidang/public_html/vendor/laravel/framework/src/Illuminate/Foundation/Http/Kernel.php(110): Illuminate\Foundation\Http\Kernel->sendRequestThroughRouter()
#64 /home/haidang/public_html/public/index.php(82): Illuminate\Foundation\Http\Kernel->handle()
#65 {main}  
[2021-05-19 15:27:34] production.ERROR: Yêu cầu tải lên không hợp lệ {"file":"/home/haidang/public_html/vendor/unisharp/laravel-filemanager/src/Lfm.php","line":235,"trace":"#0 /home/haidang/public_html/vendor/unisharp/laravel-filemanager/src/LfmPath.php(212): UniSharp\\LaravelFilemanager\\Lfm->error()
#1 /home/haidang/public_html/vendor/unisharp/laravel-filemanager/src/LfmPath.php(227): UniSharp\\LaravelFilemanager\\LfmPath->error()
#2 /home/haidang/public_html/vendor/unisharp/laravel-filemanager/src/Controllers/UploadController.php(34): UniSharp\\LaravelFilemanager\\LfmPath->upload()
#3 /home/haidang/public_html/vendor/laravel/framework/src/Illuminate/Routing/Controller.php(54): UniSharp\\LaravelFilemanager\\Controllers\\UploadController->upload()
#4 /home/haidang/public_html/vendor/laravel/framework/src/Illuminate/Routing/ControllerDispatcher.php(45): Illuminate\\Routing\\Controller->callAction()
#5 /home/haidang/public_html/vendor/laravel/framework/src/Illuminate/Routing/Route.php(254): Illuminate\\Routing\\ControllerDispatcher->dispatch()
#6 /home/haidang/public_html/vendor/laravel/framework/src/Illuminate/Routing/Route.php(197): Illuminate\\Routing\\Route->runController()
#7 /home/haidang/public_html/vendor/laravel/framework/src/Illuminate/Routing/Router.php(695): Illuminate\\Routing\\Route->run()
#8 /home/haidang/public_html/vendor/laravel/framework/src/Illuminate/Pipeline/Pipeline.php(128): Illuminate\\Routing\\Router->Illuminate\\Routing\\{closure}()
#9 /home/haidang/public_html/vendor/s-cart/core/src/Front/Middleware/Localization.php(31): Illuminate\\Pipeline\\Pipeline->Illuminate\\Pipeline\\{closure}()
#10 /home/haidang/public_html/vendor/laravel/framework/src/Illuminate/Pipeline/Pipeline.php(167): SCart\\Core\\Front\\Middleware\\Localization->handle()
#11 /home/haidang/public_html/vendor/s-cart/core/src/Admin/Middleware/AdminTheme.php(27): Illuminate\\Pipeline\\Pipeline->Illuminate\\Pipeline\\{closure}()
#12 /home/haidang/public_html/vendor/laravel/framework/src/Illuminate/Pipeline/Pipeline.php(167): SCart\\Core\\Admin\\Middleware\\AdminTheme->handle()
#13 /home/haidang/public_html/vendor/s-cart/core/src/Admin/Middleware/AdminStoreId.php(40): Illuminate\\Pipeline\\Pipeline->Illuminate\\Pipeline\\{closure}()
#14 /home/haidang/public_html/vendor/laravel/framework/src/Illuminate/Pipeline/Pipeline.php(167): SCart\\Core\\Admin\\Middleware\\AdminStoreId->handle()
#15 /home/haidang/public_html/vendor/s-cart/core/src/Admin/Middleware/LogOperation.php(38): Illuminate\\Pipeline\\Pipeline->Illuminate\\Pipeline\\{closure}()
#16 /home/haidang/public_html/vendor/laravel/framework/src/Illuminate/Pipeline/Pipeline.php(167): SCart\\Core\\Admin\\Middleware\\LogOperation->handle()
#17 /home/haidang/public_html/vendor/s-cart/core/src/Admin/Middleware/PermissionMiddleware.php(30): Illuminate\\Pipeline\\Pipeline->Illuminate\\Pipeline\\{closure}()
#18 /home/haidang/public_html/vendor/laravel/framework/src/Illuminate/Pipeline/Pipeline.php(167): SCart\\Core\\Admin\\Middleware\\PermissionMiddleware->handle()
#19 /home/haidang/public_html/vendor/s-cart/core/src/Admin/Middleware/Authenticate.php(25): Illuminate\\Pipeline\\Pipeline->Illuminate\\Pipeline\\{closure}()
#20 /home/haidang/public_html/vendor/laravel/framework/src/Illuminate/Pipeline/Pipeline.php(167): SCart\\Core\\Admin\\Middleware\\Authenticate->handle()
#21 /home/haidang/public_html/vendor/laravel/framework/src/Illuminate/Routing/Middleware/SubstituteBindings.php(50): Illuminate\\Pipeline\\Pipeline->Illuminate\\Pipeline\\{closure}()
#22 /home/haidang/public_html/vendor/laravel/framework/src/Illuminate/Pipeline/Pipeline.php(167): Illuminate\\Routing\\Middleware\\SubstituteBindings->handle()
#23 /home/haidang/public_html/vendor/laravel/framework/src/Illuminate/Foundation/Http/Middleware/VerifyCsrfToken.php(78): Illuminate\\Pipeline\\Pipeline->Illuminate\\Pipeline\\{closure}()
#24 /home/haidang/public_html/vendor/laravel/framework/src/Illuminate/Pipeline/Pipeline.php(167): Illuminate\\Foundation\\Http\\Middleware\\VerifyCsrfToken->handle()
#25 /home/haidang/public_html/vendor/laravel/framework/src/Illuminate/View/Middleware/ShareErrorsFromSession.php(49): Illuminate\\Pipeline\\Pipeline->Illuminate\\Pipeline\\{closure}()
#26 /home/haidang/public_html/vendor/laravel/framework/src/Illuminate/Pipeline/Pipeline.php(167): Illuminate\\View\\Middleware\\ShareErrorsFromSession->handle()
#27 /home/haidang/public_html/vendor/laravel/framework/src/Illuminate/Session/Middleware/StartSession.php(121): Illuminate\\Pipeline\\Pipeline->Illuminate\\Pipeline\\{closure}()
#28 /home/haidang/public_html/vendor/laravel/framework/src/Illuminate/Session/Middleware/StartSession.php(64): Illuminate\\Session\\Middleware\\StartSession->handleStatefulRequest()
#29 /home/haidang/public_html/vendor/laravel/framework/src/Illuminate/Pipeline/Pipeline.php(167): Illuminate\\Session\\Middleware\\StartSession->handle()
#30 /home/haidang/public_html/vendor/laravel/framework/src/Illuminate/Cookie/Middleware/AddQueuedCookiesToResponse.php(37): Illuminate\\Pipeline\\Pipeline->Illuminate\\Pipeline\\{closure}()
#31 /home/haidang/public_html/vendor/laravel/framework/src/Illuminate/Pipeline/Pipeline.php(167): Illuminate\\Cookie\\Middleware\\AddQueuedCookiesToResponse->handle()
#32 /home/haidang/public_html/vendor/laravel/framework/src/Illuminate/Cookie/Middleware/EncryptCookies.php(67): Illuminate\\Pipeline\\Pipeline->Illuminate\\Pipeline\\{closure}()
#33 /home/haidang/public_html/vendor/laravel/framework/src/Illuminate/Pipeline/Pipeline.php(167): Illuminate\\Cookie\\Middleware\\EncryptCookies->handle()
#34 /home/haidang/public_html/vendor/laravel/framework/src/Illuminate/Pipeline/Pipeline.php(103): Illuminate\\Pipeline\\Pipeline->Illuminate\\Pipeline\\{closure}()
#35 /home/haidang/public_html/vendor/laravel/framework/src/Illuminate/Routing/Router.php(697): Illuminate\\Pipeline\\Pipeline->then()
#36 /home/haidang/public_html/vendor/laravel/framework/src/Illuminate/Routing/Router.php(672): Illuminate\\Routing\\Router->runRouteWithinStack()
#37 /home/haidang/public_html/vendor/laravel/framework/src/Illuminate/Routing/Router.php(636): Illuminate\\Routing\\Router->runRoute()
#38 /home/haidang/public_html/vendor/laravel/framework/src/Illuminate/Routing/Router.php(625): Illuminate\\Routing\\Router->dispatchToRoute()
#39 /home/haidang/public_html/vendor/laravel/framework/src/Illuminate/Foundation/Http/Kernel.php(166): Illuminate\\Routing\\Router->dispatch()
#40 /home/haidang/public_html/vendor/laravel/framework/src/Illuminate/Pipeline/Pipeline.php(128): Illuminate\\Foundation\\Http\\Kernel->Illuminate\\Foundation\\Http\\{closure}()
#41 /home/haidang/public_html/vendor/spatie/laravel-pjax/src/Middleware/FilterIfPjax.php(18): Illuminate\\Pipeline\\Pipeline->Illuminate\\Pipeline\\{closure}()
#42 /home/haidang/public_html/vendor/laravel/framework/src/Illuminate/Pipeline/Pipeline.php(167): Spatie\\Pjax\\Middleware\\FilterIfPjax->handle()
#43 /home/haidang/public_html/vendor/fideloper/proxy/src/TrustProxies.php(57): Illuminate\\Pipeline\\Pipeline->Illuminate\\Pipeline\\{closure}()
#44 /home/haidang/public_html/vendor/laravel/framework/src/Illuminate/Pipeline/Pipeline.php(167): Fideloper\\Proxy\\TrustProxies->handle()
#45 /home/haidang/public_html/vendor/laravel/framework/src/Illuminate/Foundation/Http/Middleware/TransformsRequest.php(21): Illuminate\\Pipeline\\Pipeline->Illuminate\\Pipeline\\{closure}()
#46 /home/haidang/public_html/vendor/laravel/framework/src/Illuminate/Foundation/Http/Middleware/ConvertEmptyStringsToNull.php(31): Illuminate\\Foundation\\Http\\Middleware\\TransformsRequest->handle()
#47 /home/haidang/public_html/vendor/laravel/framework/src/Illuminate/Pipeline/Pipeline.php(167): Illuminate\\Foundation\\Http\\Middleware\\ConvertEmptyStringsToNull->handle()
#48 /home/haidang/public_html/vendor/laravel/framework/src/Illuminate/Foundation/Http/Middleware/TransformsRequest.php(21): Illuminate\\Pipeline\\Pipeline->Illuminate\\Pipeline\\{closure}()
#49 /home/haidang/public_html/vendor/laravel/framework/src/Illuminate/Foundation/Http/Middleware/TrimStrings.php(40): Illuminate\\Foundation\\Http\\Middleware\\TransformsRequest->handle()
#50 /home/haidang/public_html/vendor/laravel/framework/src/Illuminate/Pipeline/Pipeline.php(167): Illuminate\\Foundation\\Http\\Middleware\\TrimStrings->handle()
#51 /home/haidang/public_html/vendor/laravel/framework/src/Illuminate/Foundation/Http/Middleware/ValidatePostSize.php(27): Illuminate\\Pipeline\\Pipeline->Illuminate\\Pipeline\\{closure}()
#52 /home/haidang/public_html/vendor/laravel/framework/src/Illuminate/Pipeline/Pipeline.php(167): Illuminate\\Foundation\\Http\\Middleware\\ValidatePostSize->handle()
#53 /home/haidang/public_html/vendor/laravel/framework/src/Illuminate/Foundation/Http/Middleware/PreventRequestsDuringMaintenance.php(86): Illuminate\\Pipeline\\Pipeline->Illuminate\\Pipeline\\{closure}()
#54 /home/haidang/public_html/vendor/laravel/framework/src/Illuminate/Pipeline/Pipeline.php(167): Illuminate\\Foundation\\Http\\Middleware\\PreventRequestsDuringMaintenance->handle()
#55 /home/haidang/public_html/vendor/laravel/framework/src/Illuminate/Pipeline/Pipeline.php(103): Illuminate\\Pipeline\\Pipeline->Illuminate\\Pipeline\\{closure}()
#56 /home/haidang/public_html/vendor/laravel/framework/src/Illuminate/Foundation/Http/Kernel.php(141): Illuminate\\Pipeline\\Pipeline->then()
#57 /home/haidang/public_html/vendor/laravel/framework/src/Illuminate/Foundation/Http/Kernel.php(110): Illuminate\\Foundation\\Http\\Kernel->sendRequestThroughRouter()
#58 /home/haidang/public_html/public/index.php(82): Illuminate\\Foundation\\Http\\Kernel->handle()
#59 {main}"} 
